[22:15:21.330][INFO][CraftTweaker-EarlyInit]: CraftTweaker is running on a Minecraft 1.20.1 production server modded with platform Forge
[22:15:21.345][INFO][CraftTweaker-EarlyInit]: Successfully injected RecipeFS file system
[22:15:21.375][INFO][CraftTweaker-Plugins]: Successfully identified and loaded plugin jeitweaker:common
[22:15:21.399][INFO][CraftTweaker-Plugins]: Successfully identified and loaded plugin crafttweaker:builtin
[22:15:21.403][INFO][CraftTweaker-Plugins]: Successfully identified and loaded plugin crafttweaker:builtin_forge
[22:15:21.413][INFO][CraftTweaker-Plugins]: Successfully identified and loaded plugin farmersdelight:crafttweaker_plugin
[22:15:21.441][INFO][JEITweaker]: Identified JeiTweaker plugin 'jeitweaker:forge': loading scheduled
[22:15:21.443][INFO][JEITweaker]: Identified JeiTweaker plugin 'jeitweaker:common': loading scheduled
[22:15:21.458][INFO][JEITweaker]: JEITweaker Environmental Check: the combination of mods [jei] is fully supported
[22:15:21.458][INFO][JEITweaker]: Running JeiTweaker plugin initialization
[22:15:21.467][INFO][JEITweaker]: JeiTweaker plugin initialization completed successfully
[22:15:22.445][INFO][CraftTweaker]: The following mods have explicit CraftTweaker support through the default plugin:
[22:15:22.446][INFO][CraftTweaker]: - 'aquaculture' at version '2.5.5'
[22:15:22.446][INFO][CraftTweaker]: - 'crafttweaker' at version '14.0.57'
[22:15:22.447][INFO][CraftTweaker]: - 'farmersdelight' at version '1.20.1-1.2.7'
[22:15:22.447][INFO][CraftTweaker]: - 'gateways' at version '4.2.6'
[22:15:22.447][INFO][CraftTweaker]: - 'jeitweaker' at version '8.0.6'
[22:15:36.229][INFO][CraftTweaker-ZenCode]: Started loading scripts for loader 'initialize'
[22:15:36.976][INFO][CraftTweaker-ZenCode]: Compiling and executing scripts
[22:15:37.063][INFO][CraftTweaker-ZenCode]: Successfully initialized modules [crafttweaker, expansions]
[22:15:37.260][INFO][CraftTweaker-ZenCode]: Execution for loader 'initialize' completed successfully
[22:15:48.352][INFO][CraftTweaker-ZenCode]: Started loading scripts for loader 'tags'
[22:15:48.397][INFO][CraftTweaker-ZenCode]: Compiling and executing scripts
[22:15:48.420][INFO][CraftTweaker-ZenCode]: Successfully initialized modules [crafttweaker, expansions]
[22:15:48.436][INFO][CraftTweaker-ZenCode]: Execution for loader 'tags' completed successfully
[22:15:51.685][INFO][CraftTweaker]: crafttweaker.reload.start
[22:15:51.694][INFO][CraftTweaker-ZenCode]: Started loading scripts for loader 'crafttweaker'
[22:15:51.726][INFO][CraftTweaker-ZenCode]: Compiling and executing scripts
[22:15:52.279][INFO][CraftTweaker-ZenCode]: Successfully initialized modules [mods, crafttweaker, expansions]
[22:15:52.285][INFO][CraftTweaker-ZenCode]: Loading file 'beefconversion.zs' with priority 0
[22:15:52.287][INFO][CraftTweaker-ZenCode]: Loading file 'craftingtableconvert.zs' with priority 0
[22:15:52.288][INFO][CraftTweaker-ZenCode]: Loading file 'disabled.zs' with priority 0
[22:15:52.296][INFO][CraftTweaker-ZenCode]: Loading file 'flint.zs' with priority 0
[22:15:52.298][INFO][CraftTweaker-ZenCode]: Loading file 'fuel_fix.zs' with priority 0
[22:15:52.305][INFO][CraftTweaker-ZenCode]: Loading file 'hide_jei.zs' with priority 0
[22:15:52.424][INFO][CraftTweaker]: Adding 'minecraft:crafting' recipe, of type: "shapeless", with name: 'crafttweaker:beeftocara' that outputs: '<item:blue_skies:carabeef>'
[22:15:52.425][INFO][CraftTweaker]: Adding 'minecraft:crafting' recipe, of type: "shapeless", with name: 'crafttweaker:caratobeef' that outputs: '<item:minecraft:beef>'
[22:15:52.425][INFO][CraftTweaker]: Adding 'minecraft:crafting' recipe, of type: "shapeless", with name: 'crafttweaker:beeftomonitor' that outputs: '<item:blue_skies:monitor_tail>'
[22:15:52.425][INFO][CraftTweaker]: Adding 'minecraft:crafting' recipe, of type: "shapeless", with name: 'crafttweaker:monitortobeef' that outputs: '<item:minecraft:beef>'
[22:15:52.425][INFO][CraftTweaker]: Adding 'minecraft:crafting' recipe, of type: "shapeless", with name: 'crafttweaker:beeftovenison' that outputs: '<item:blue_skies:venison>'
[22:15:52.426][INFO][CraftTweaker]: Adding 'minecraft:crafting' recipe, of type: "shapeless", with name: 'crafttweaker:venisontobeef' that outputs: '<item:minecraft:beef>'
[22:15:52.426][INFO][CraftTweaker]: Adding 'minecraft:crafting' recipe, of type: "shapeless", with name: 'crafttweaker:sweettobrew' that outputs: '<item:blue_skies:brewberry>'
[22:15:52.426][INFO][CraftTweaker]: Adding 'minecraft:crafting' recipe, of type: "shapeless", with name: 'crafttweaker:brewtosweet' that outputs: '<item:minecraft:sweet_berries>'
[22:15:52.426][INFO][CraftTweaker]: Adding 'minecraft:crafting' recipe, of type: "shapeless", with name: 'crafttweaker:beeftotalker' that outputs: '<item:outer_end:stalker_meat>'
[22:15:52.427][INFO][CraftTweaker]: Adding 'minecraft:crafting' recipe, of type: "shapeless", with name: 'crafttweaker:stalkertobeef' that outputs: '<item:minecraft:beef>'
[22:15:52.427][INFO][CraftTweaker]: Adding 'minecraft:crafting' recipe, of type: "shapeless", with name: 'crafttweaker:beeftotvenison' that outputs: '<item:twilightforest:raw_venison>'
[22:15:52.427][INFO][CraftTweaker]: Adding 'minecraft:crafting' recipe, of type: "shapeless", with name: 'crafttweaker:tvenisontobeef' that outputs: '<item:minecraft:beef>'
[22:15:52.427][INFO][CraftTweaker]: Adding 'minecraft:crafting' recipe, of type: "shapeless", with name: 'crafttweaker:aspentonormal' that outputs: '<item:minecraft:crafting_table>'
[22:15:52.427][INFO][CraftTweaker]: Adding 'minecraft:crafting' recipe, of type: "shapeless", with name: 'crafttweaker:baobabtonormal' that outputs: '<item:minecraft:crafting_table>'
[22:15:52.428][INFO][CraftTweaker]: Adding 'minecraft:crafting' recipe, of type: "shapeless", with name: 'crafttweaker:benchantedtonormal' that outputs: '<item:minecraft:crafting_table>'
[22:15:52.428][INFO][CraftTweaker]: Adding 'minecraft:crafting' recipe, of type: "shapeless", with name: 'crafttweaker:cikatonormal' that outputs: '<item:minecraft:crafting_table>'
[22:15:52.428][INFO][CraftTweaker]: Adding 'minecraft:crafting' recipe, of type: "shapeless", with name: 'crafttweaker:cypresstonormal' that outputs: '<item:minecraft:crafting_table>'
[22:15:52.428][INFO][CraftTweaker]: Adding 'minecraft:crafting' recipe, of type: "shapeless", with name: 'crafttweaker:ebonytonormal' that outputs: '<item:minecraft:crafting_table>'
[22:15:52.428][INFO][CraftTweaker]: Adding 'minecraft:crafting' recipe, of type: "shapeless", with name: 'crafttweaker:firtonormal' that outputs: '<item:minecraft:crafting_table>'
[22:15:52.428][INFO][CraftTweaker]: Adding 'minecraft:crafting' recipe, of type: "shapeless", with name: 'crafttweaker:florustonormal' that outputs: '<item:minecraft:crafting_table>'
[22:15:52.429][INFO][CraftTweaker]: Adding 'minecraft:crafting' recipe, of type: "shapeless", with name: 'crafttweaker:genchantedtonormal' that outputs: '<item:minecraft:crafting_table>'
[22:15:52.429][INFO][CraftTweaker]: Adding 'minecraft:crafting' recipe, of type: "shapeless", with name: 'crafttweaker:hollytonormal' that outputs: '<item:minecraft:crafting_table>'
[22:15:52.429][INFO][CraftTweaker]: Adding 'minecraft:crafting' recipe, of type: "shapeless", with name: 'crafttweaker:ironwoodtonormal' that outputs: '<item:minecraft:crafting_table>'
[22:15:52.429][INFO][CraftTweaker]: Adding 'minecraft:crafting' recipe, of type: "shapeless", with name: 'crafttweaker:jacarandatonormal' that outputs: '<item:minecraft:crafting_table>'
[22:15:52.429][INFO][CraftTweaker]: Adding 'minecraft:crafting' recipe, of type: "shapeless", with name: 'crafttweaker:mahoganytonormal' that outputs: '<item:minecraft:crafting_table>'
[22:15:52.429][INFO][CraftTweaker]: Adding 'minecraft:crafting' recipe, of type: "shapeless", with name: 'crafttweaker:mapletonormal' that outputs: '<item:minecraft:crafting_table>'
[22:15:52.429][INFO][CraftTweaker]: Adding 'minecraft:crafting' recipe, of type: "shapeless", with name: 'crafttweaker:palmtonormal' that outputs: '<item:minecraft:crafting_table>'
[22:15:52.430][INFO][CraftTweaker]: Adding 'minecraft:crafting' recipe, of type: "shapeless", with name: 'crafttweaker:pinetonormal' that outputs: '<item:minecraft:crafting_table>'
[22:15:52.430][INFO][CraftTweaker]: Adding 'minecraft:crafting' recipe, of type: "shapeless", with name: 'crafttweaker:rainbowtonormal' that outputs: '<item:minecraft:crafting_table>'
[22:15:52.430][INFO][CraftTweaker]: Adding 'minecraft:crafting' recipe, of type: "shapeless", with name: 'crafttweaker:redwoodtonormal' that outputs: '<item:minecraft:crafting_table>'
[22:15:52.430][INFO][CraftTweaker]: Adding 'minecraft:crafting' recipe, of type: "shapeless", with name: 'crafttweaker:sakuratonormal' that outputs: '<item:minecraft:crafting_table>'
[22:15:52.430][INFO][CraftTweaker]: Adding 'minecraft:crafting' recipe, of type: "shapeless", with name: 'crafttweaker:skyristonormal' that outputs: '<item:minecraft:crafting_table>'
[22:15:52.430][INFO][CraftTweaker]: Adding 'minecraft:crafting' recipe, of type: "shapeless", with name: 'crafttweaker:mangrovetonormal' that outputs: '<item:minecraft:crafting_table>'
[22:15:52.430][INFO][CraftTweaker]: Adding 'minecraft:crafting' recipe, of type: "shapeless", with name: 'crafttweaker:willowtonormal' that outputs: '<item:minecraft:crafting_table>'
[22:15:52.430][INFO][CraftTweaker]: Adding 'minecraft:crafting' recipe, of type: "shapeless", with name: 'crafttweaker:hazeltonormal' that outputs: '<item:minecraft:crafting_table>'
[22:15:52.431][INFO][CraftTweaker]: Adding 'minecraft:crafting' recipe, of type: "shapeless", with name: 'crafttweaker:zelkovatonormal' that outputs: '<item:minecraft:crafting_table>'
[22:15:52.431][INFO][CraftTweaker]: Adding 'minecraft:crafting' recipe, of type: "shapeless", with name: 'crafttweaker:bbrighttonormal' that outputs: '<item:minecraft:crafting_table>'
[22:15:52.431][INFO][CraftTweaker]: Adding 'minecraft:crafting' recipe, of type: "shapeless", with name: 'crafttweaker:startonormal' that outputs: '<item:minecraft:crafting_table>'
[22:15:52.431][INFO][CraftTweaker]: Adding 'minecraft:crafting' recipe, of type: "shapeless", with name: 'crafttweaker:fbrighttonormal' that outputs: '<item:minecraft:crafting_table>'
[22:15:52.431][INFO][CraftTweaker]: Adding 'minecraft:crafting' recipe, of type: "shapeless", with name: 'crafttweaker:comettonormal' that outputs: '<item:minecraft:crafting_table>'
[22:15:52.431][INFO][CraftTweaker]: Adding 'minecraft:crafting' recipe, of type: "shapeless", with name: 'crafttweaker:lunartonormal' that outputs: '<item:minecraft:crafting_table>'
[22:15:52.432][INFO][CraftTweaker]: Adding 'minecraft:crafting' recipe, of type: "shapeless", with name: 'crafttweaker:dusktonormal' that outputs: '<item:minecraft:crafting_table>'
[22:15:52.432][INFO][CraftTweaker]: Adding 'minecraft:crafting' recipe, of type: "shapeless", with name: 'crafttweaker:bmapletonormal' that outputs: '<item:minecraft:crafting_table>'
[22:15:52.435][INFO][CraftTweaker]: Removing 'crafting' recipes with output: '<item:alexsmobs:blood_sprayer>'
[22:15:52.450][INFO][CraftTweaker]: Removing 'crafting' recipes with output: '<item:alexsmobs:dimensional_carver>'
[22:15:52.456][INFO][CraftTweaker]: Removing 'crafting' recipes with output: '<item:alexsmobs:hemolymph_blaster>'
[22:15:52.463][INFO][CraftTweaker]: Removing 'crafting' recipes with output: '<item:alexsmobs:tendon_whip>'
[22:15:52.470][INFO][CraftTweaker]: Removing 'crafting' recipes with output: '<item:alexsmobs:transmutation_table>'
[22:15:52.476][INFO][CraftTweaker]: Removing 'crafting' recipes with output: '<item:aquamirae:maze_rose>'
[22:15:52.481][INFO][CraftTweaker]: Removing 'crafting' recipes with output: '<item:aquamirae:poisoned_blade>'
[22:15:52.486][INFO][CraftTweaker]: Removing 'crafting' recipes with output: '<item:aquamirae:poisoned_chakra>'
[22:15:52.490][INFO][CraftTweaker]: Removing 'crafting' recipes with output: '<item:aquamirae:terrible_sword>'
[22:15:52.493][INFO][CraftTweaker]: Removing 'crafting' recipes with output: '<item:aquamirae:abyssal_heaume>'
[22:15:52.498][INFO][CraftTweaker]: Removing 'crafting' recipes with output: '<item:bosses_of_mass_destruction:monolith_block>'
[22:15:52.502][INFO][CraftTweaker]: Removing 'crafting' recipes with output: '<item:bosses_of_mass_destruction:earthdive_spear>'
[22:15:52.506][INFO][CraftTweaker]: Removing 'crafting' recipes with output: '<item:bosses_of_mass_destruction:charged_ender_pearl>'
[22:15:52.508][INFO][CraftTweaker]: Removing 'crafting' recipes with output: '<item:bosses_of_mass_destruction:levitation_block>'
[22:15:52.510][INFO][CraftTweaker]: Removing 'crafting' recipes with output: '<item:bosses_of_mass_destruction:mob_ward>'
[22:15:52.511][INFO][CraftTweaker]: Removing 'crafting' recipes with output: '<item:born_in_chaos_v1:staffof_blindness>'
[22:15:52.512][INFO][CraftTweaker]: Removing 'crafting' recipes with output: '<item:born_in_chaos_v1:supreme_measure>'
[22:15:52.514][INFO][CraftTweaker]: Removing 'crafting' recipes with output: '<item:born_in_chaos_v1:stop_hammer>'
[22:15:52.515][INFO][CraftTweaker]: Removing 'crafting' recipes with output: '<item:born_in_chaos_v1:staff_of_magic_arrows>'
[22:15:52.516][INFO][CraftTweaker]: Removing 'crafting' recipes with output: '<item:born_in_chaos_v1:bonescaller_staff>'
[22:15:52.517][INFO][CraftTweaker]: Removing 'crafting' recipes with output: '<item:born_in_chaos_v1:death_totem>'
[22:15:52.518][INFO][CraftTweaker]: Removing 'crafting' recipes with output: '<item:born_in_chaos_v1:spider_bite_sword>'
[22:15:52.519][INFO][CraftTweaker]: Removing 'crafting' recipes with output: '<item:born_in_chaos_v1:hound_trap>'
[22:15:52.520][INFO][CraftTweaker]: Removing 'crafting' recipes with output: '<item:born_in_chaos_v1:spiny_shell_trap>'
[22:15:52.521][INFO][CraftTweaker]: Removing 'crafting' recipes with output: '<item:born_in_chaos_v1:damned_demomans_hat_helmet>'
[22:15:52.522][INFO][CraftTweaker]: Removing 'crafting' recipes with output: '<item:born_in_chaos_v1:missionary_hat_helmet>'
[22:15:52.523][INFO][CraftTweaker]: Removing 'crafting' recipes with output: '<item:born_in_chaos_v1:spiritual_guide_sombrero_helmet>'
[22:15:52.525][INFO][CraftTweaker]: Removing 'crafting' recipes with output: '<item:born_in_chaos_v1:lord_pumpkinheads_hat_helmet>'
[22:15:52.526][INFO][CraftTweaker]: Removing 'crafting' recipes with output: '<item:born_in_chaos_v1:pumpkinstaffa>'
[22:15:52.527][INFO][CraftTweaker]: Removing 'crafting' recipes with output: '<item:born_in_chaos_v1:pumpkinhandgun>'
[22:15:52.528][INFO][CraftTweaker]: Removing 'crafting' recipes with output: '<item:born_in_chaos_v1:pumpkin_bullet>'
[22:15:52.529][INFO][CraftTweaker]: Removing 'crafting' recipes with output: '<item:born_in_chaos_v1:phantom_bomb>'
[22:15:52.530][INFO][CraftTweaker]: Removing 'crafting' recipes with output: '<item:born_in_chaos_v1:intoxicatind_bomb>'
[22:15:52.531][INFO][CraftTweaker]: Removing 'crafting' recipes with output: '<item:born_in_chaos_v1:stimulating_bomb>'
[22:15:52.532][INFO][CraftTweaker]: Removing 'crafting' recipes with output: '<item:born_in_chaos_v1:dark_atrium>'
[22:15:52.534][INFO][CraftTweaker]: Removing 'crafting' recipes with output: '<item:born_in_chaos_v1:spiritual_dust>'
[22:15:52.535][INFO][CraftTweaker]: Removing 'crafting' recipes with output: '<item:born_in_chaos_v1:eternal_candy>'
[22:15:52.536][INFO][CraftTweaker]: Removing 'crafting' recipes with output: '<item:botania:terraform_rod>'
[22:15:52.537][INFO][CraftTweaker]: Removing 'crafting' recipes with output: '<item:botania:smelt_rod>'
[22:15:52.538][INFO][CraftTweaker]: Removing 'crafting' recipes with output: '<item:botania:gravity_rod>'
[22:15:52.539][INFO][CraftTweaker]: Removing 'crafting' recipes with output: '<item:botania:missile_rod>'
[22:15:52.540][INFO][CraftTweaker]: Removing 'crafting' recipes with output: '<item:botania:lens_mine>'
[22:15:52.541][INFO][CraftTweaker]: Removing 'crafting' recipes with output: '<item:botania:lens_damage>'
[22:15:52.542][INFO][CraftTweaker]: Removing 'crafting' recipes with output: '<item:botania:lens_piston>'
[22:15:52.543][INFO][CraftTweaker]: Removing 'crafting' recipes with output: '<item:botania:lens_explosive>'
[22:15:52.544][INFO][CraftTweaker]: Removing 'crafting' recipes with output: '<item:botania:loonium>'
[22:15:52.545][INFO][CraftTweaker]: Removing 'crafting' recipes with output: '<item:botania:floating_loonium>'
[22:15:52.546][INFO][CraftTweaker]: Removing 'crafting' recipes with output: '<item:botania:bellethorn>'
[22:15:52.547][INFO][CraftTweaker]: Removing 'crafting' recipes with output: '<item:botania:floating_bellethorn>'
[22:15:52.548][INFO][CraftTweaker]: Removing 'crafting' recipes with output: '<item:botania:bellethorn_chibi>'
[22:15:52.550][INFO][CraftTweaker]: Removing 'crafting' recipes with output: '<item:botania:floating_bellethorn_chibi>'
[22:15:52.551][INFO][CraftTweaker]: Removing 'crafting' recipes with output: '<item:botania:hyacidus>'
[22:15:52.552][INFO][CraftTweaker]: Removing 'crafting' recipes with output: '<item:botania:floating_hyacidus>'
[22:15:52.553][INFO][CraftTweaker]: Removing 'crafting' recipes with output: '<item:botania:mana_bomb>'
[22:15:52.554][INFO][CraftTweaker]: Removing 'crafting' recipes with output: '<item:botania:spawner_mover>'
[22:15:52.555][INFO][CraftTweaker]: Removing 'crafting' recipes with output: '<item:botania:spawner_claw>'
[22:15:52.556][INFO][CraftTweaker]: Removing 'crafting' recipes with output: '<item:botania:thunder_sword>'
[22:15:52.557][INFO][CraftTweaker]: Removing 'crafting' recipes with output: '<item:botania:laputa_shard>'
[22:15:52.558][INFO][CraftTweaker]: Removing 'crafting' recipes with output: '<item:botania:holy_cloak>'
[22:15:52.559][INFO][CraftTweaker]: Removing 'crafting' recipes with output: '<item:botania:unholy_cloak>'
[22:15:52.560][INFO][CraftTweaker]: Removing 'crafting' recipes with output: '<item:botania:balance_cloak>'
[22:15:52.561][INFO][CraftTweaker]: Removing 'crafting' recipes with output: '<item:botania:invisibility_cloak>'
[22:15:52.562][INFO][CraftTweaker]: Removing 'crafting' recipes with output: '<item:botania:magnet_ring>'
[22:15:52.563][INFO][CraftTweaker]: Removing 'crafting' recipes with output: '<item:botania:magnet_ring_greater>'
[22:15:52.564][INFO][CraftTweaker]: Removing 'crafting' recipes with output: '<item:botania:diva_charm>'
[22:15:52.565][INFO][CraftTweaker]: Removing 'crafting' recipes with output: '<item:botania:lens_weight>'
[22:15:52.566][INFO][CraftTweaker]: Removing 'crafting' recipes with output: '<item:botania:lens_fire>'
[22:15:52.567][INFO][CraftTweaker]: Removing 'crafting' recipes with output: '<item:botania:lens_paint>'
[22:15:52.569][INFO][CraftTweaker]: Removing 'crafting' recipes with output: '<item:botania:thorn_chakram>'
[22:15:52.570][INFO][CraftTweaker]: Removing 'crafting' recipes with output: '<item:botania:flare_chakram>'
[22:15:52.571][INFO][CraftTweaker]: Removing 'crafting' recipes with output: '<item:botania:pixie_ring>'
[22:15:52.572][INFO][CraftTweaker]: Removing 'crafting' recipes with output: '<item:botania:elementium_helmet>'
[22:15:52.574][INFO][CraftTweaker]: Removing 'crafting' recipes with output: '<item:botania:elementium_chestplate>'
[22:15:52.575][INFO][CraftTweaker]: Removing 'crafting' recipes with output: '<item:botania:elementium_leggings>'
[22:15:52.576][INFO][CraftTweaker]: Removing 'crafting' recipes with output: '<item:botania:elementium_boots>'
[22:15:52.578][INFO][CraftTweaker]: Removing 'crafting' recipes with output: '<item:botania:elementium_sword>'
[22:15:52.579][INFO][CraftTweaker]: Removing 'crafting' recipes with output: '<item:botania:blood_pendant>'
[22:15:52.580][INFO][CraftTweaker]: Removing 'crafting' recipes with output: '<item:botania:corporea_index>'
[22:15:52.582][INFO][CraftTweaker]: Removing 'crafting' recipes with output: '<item:botania:terra_sword>'
[22:15:52.583][INFO][CraftTweaker]: Removing 'crafting' recipes with output: '<item:constructionwand:core_destruction>'
[22:15:52.584][INFO][CraftTweaker]: Removing 'crafting' recipes with output: '<item:constructionwand:infinity_wand>'
[22:15:52.585][INFO][CraftTweaker]: Removing 'crafting' recipes with output: '<item:deeperdarker:warden_leggings>'
[22:15:52.587][INFO][CraftTweaker]: Removing 'crafting' recipes with output: '<item:doggytalents:golden_a_five_wagyu>'
[22:15:52.588][INFO][CraftTweaker]: Removing 'crafting' recipes with output: '<item:doggytalents:sussy_sickle>'
[22:15:52.589][INFO][CraftTweaker]: Removing 'crafting' recipes with output: '<item:lightmanscurrency:coinmint>'
[22:15:52.591][INFO][CraftTweaker]: Removing 'crafting' recipes with output: '<item:lightmanscurrency:speed_upgrade_1>'
[22:15:52.592][INFO][CraftTweaker]: Removing 'crafting' recipes with output: '<item:lightmanscurrency:speed_upgrade_2>'
[22:15:52.593][INFO][CraftTweaker]: Removing 'crafting' recipes with output: '<item:lightmanscurrency:speed_upgrade_3>'
[22:15:52.594][INFO][CraftTweaker]: Removing 'crafting' recipes with output: '<item:lightmanscurrency:speed_upgrade_4>'
[22:15:52.596][INFO][CraftTweaker]: Removing 'crafting' recipes with output: '<item:lightmanscurrency:speed_upgrade_5>'
[22:15:52.597][INFO][CraftTweaker]: Removing 'crafting' recipes with output: '<item:lightmanscurrency:coinblock_copper>'
[22:15:52.598][INFO][CraftTweaker]: Removing 'crafting' recipes with output: '<item:lightmanscurrency:coinblock_iron>'
[22:15:52.599][INFO][CraftTweaker]: Removing 'crafting' recipes with output: '<item:lightmanscurrency:coinblock_gold>'
[22:15:52.601][INFO][CraftTweaker]: Removing 'crafting' recipes with output: '<item:lightmanscurrency:coinblock_emerald>'
[22:15:52.602][INFO][CraftTweaker]: Removing 'crafting' recipes with output: '<item:lightmanscurrency:coinblock_diamond>'
[22:15:52.603][INFO][CraftTweaker]: Removing 'crafting' recipes with output: '<item:lightmanscurrency:coinblock_netherite>'
[22:15:52.605][INFO][CraftTweaker]: Removing 'crafting' recipes with output: '<item:lightmanscurrency:coinblock_chocolate_copper>'
[22:15:52.606][INFO][CraftTweaker]: Removing 'crafting' recipes with output: '<item:lightmanscurrency:coinblock_chocolate_iron>'
[22:15:52.608][INFO][CraftTweaker]: Removing 'crafting' recipes with output: '<item:lightmanscurrency:coinblock_chocolate_gold>'
[22:15:52.609][INFO][CraftTweaker]: Removing 'crafting' recipes with output: '<item:lightmanscurrency:coinblock_chocolate_emerald>'
[22:15:52.611][INFO][CraftTweaker]: Removing 'crafting' recipes with output: '<item:lightmanscurrency:coinblock_chocolate_diamond>'
[22:15:52.612][INFO][CraftTweaker]: Removing 'crafting' recipes with output: '<item:lightmanscurrency:coinblock_chocolate_netherite>'
[22:15:52.613][INFO][CraftTweaker]: Removing 'crafting' recipes with output: '<item:mmorpg:potions/full_reset_passive>'
[22:15:52.615][INFO][CraftTweaker]: Removing 'crafting' recipes with output: '<item:mmorpg:potions/full_reset_spell>'
[22:15:52.617][INFO][CraftTweaker]: Removing 'crafting' recipes with output: '<item:mmorpg:potions/full_reset_ascendancy>'
[22:15:52.619][INFO][CraftTweaker]: Removing 'crafting' recipes with output: '<item:mmorpg:potions/full_reset_talent>'
[22:15:52.620][INFO][CraftTweaker]: Removing 'crafting' recipes with output: '<item:mmorpg:potions/full_reset_stat>'
[22:15:52.622][INFO][CraftTweaker]: Removing 'crafting' recipes with output: '<item:mmorpg:potions/reset_points_passive>'
[22:15:52.624][INFO][CraftTweaker]: Removing 'crafting' recipes with output: '<item:mmorpg:potions/reset_points_spell>'
[22:15:52.626][INFO][CraftTweaker]: Removing 'crafting' recipes with output: '<item:mmorpg:potions/reset_points_ascendancy>'
[22:15:52.628][INFO][CraftTweaker]: Removing 'crafting' recipes with output: '<item:mmorpg:potions/reset_points_talent>'
[22:15:52.629][INFO][CraftTweaker]: Removing 'crafting' recipes with output: '<item:mmorpg:potions/reset_points_stat>'
[22:15:52.631][INFO][CraftTweaker]: Removing 'crafting' recipes with output: '<item:monsterplus:ancient_crystal>'
[22:15:52.633][INFO][CraftTweaker]: Removing 'crafting' recipes with output: '<item:monsterplus:crystal_arrow>'
[22:15:52.634][INFO][CraftTweaker]: Removing 'crafting' recipes with output: '<item:monsterplus:crystal_boots>'
[22:15:52.636][INFO][CraftTweaker]: Removing 'crafting' recipes with output: '<item:monsterplus:crystal_chestplate>'
[22:15:52.637][INFO][CraftTweaker]: Removing 'crafting' recipes with output: '<item:monsterplus:crystal_clump>'
[22:15:52.639][INFO][CraftTweaker]: Removing 'crafting' recipes with output: '<item:monsterplus:crystal_helmet>'
[22:15:52.640][INFO][CraftTweaker]: Removing 'crafting' recipes with output: '<item:monsterplus:crystal_leggings>'
[22:15:52.642][INFO][CraftTweaker]: Removing 'crafting' recipes with output: '<item:monsterplus:crystal_sword>'
[22:15:52.643][INFO][CraftTweaker]: Removing 'crafting' recipes with output: '<item:mowziesmobs:blowgun>'
[22:15:52.645][INFO][CraftTweaker]: Removing 'crafting' recipes with output: '<item:mowziesmobs:dart>'
[22:15:52.646][INFO][CraftTweaker]: Removing 'crafting' recipes with output: '<item:mutantmonsters:mutant_skeleton_chestplate>'
[22:15:52.648][INFO][CraftTweaker]: Removing 'crafting' recipes with output: '<item:mutantmonsters:mutant_skeleton_leggings>'
[22:15:52.650][INFO][CraftTweaker]: Removing 'crafting' recipes with output: '<item:mutantmonsters:mutant_skeleton_boots>'
[22:15:52.651][INFO][CraftTweaker]: Removing 'crafting' recipes with output: '<item:sophisticatedbackpacks:advanced_magnet_upgrade>'
[22:15:52.653][INFO][CraftTweaker]: Removing 'crafting' recipes with output: '<item:sophisticatedbackpacks:inception_upgrade>'
[22:15:52.654][INFO][CraftTweaker]: Removing 'crafting' recipes with output: '<item:sophisticatedbackpacks:magnet_upgrade>'
[22:15:52.656][INFO][CraftTweaker]: Removing 'crafting' recipes with output: '<item:supplementaries:cannon>'
[22:15:52.657][INFO][CraftTweaker]: Removing 'crafting' recipes with output: '<item:twilightforest:twilight_scepter>'
[22:15:52.658][INFO][CraftTweaker]: Removing 'crafting' recipes with output: '<item:twilightforest:lifedrain_scepter>'
[22:15:52.660][INFO][CraftTweaker]: Removing 'crafting' recipes with output: '<item:twilightforest:zombie_scepter>'
[22:15:52.661][INFO][CraftTweaker]: Removing 'crafting' recipes with output: '<item:twilightforest:fortification_scepter>'
[22:15:52.663][INFO][CraftTweaker]: Removing 'crafting' recipes with output: '<item:waystones:mossy_waystone>'
[22:15:52.665][INFO][CraftTweaker]: Removing 'crafting' recipes with output: '<item:waystones:waystone>'
[22:15:52.667][INFO][CraftTweaker]: Removing 'crafting' recipes with output: '<item:wstweaks:blaze_blade>'
[22:15:52.669][INFO][CraftTweaker]: Removing 'crafting' recipes with output: '<item:wstweaks:lava_blade>'
[22:15:52.674][INFO][CraftTweaker]: Adding 'botania:mana_infusion' recipe, with name: 'crafttweaker:flintdupe' that outputs: '<item:minecraft:flint> * 2'
[22:15:52.677][INFO][CraftTweaker]: Setting burn time of: <tag:items:minecraft:wool_carpets> to 0 for type smelting
[22:15:52.677][INFO][CraftTweaker]: Setting burn time of: <tag:items:minecraft:wool> to 0 for type smelting
[22:15:52.696][INFO][CraftTweaker-ZenCode]: Execution for loader 'crafttweaker' completed successfully
[22:15:52.698][INFO][CraftTweaker]: crafttweaker.reload.complete
[22:15:52.699][INFO][CraftTweaker]: This reload was made possible by Jordan Pineo and more! Become a patron at https://patreon.com/jaredlll08?s=crtmod
